C:\Program Files (x86)\Microsoft Visual Studio\2019\Community\MSBuild\Microsoft\VC\v160\Microsoft.CppBuild.targets(477,5): warning MSB8004: Output Directory does not end with a trailing slash.  This build instance will add the slash as it is required to allow proper evaluation of the Output Directory.
  aimbot.cpp
  bonesetup.cpp
  button.cpp
  callbacks.cpp
  chams.cpp
  checkbox.cpp
  client.cpp
  clientstate.cpp
C:\Users\14024\Documents\GitHub\lucid-lby\aimbot.cpp(25,56): warning C4390: ';': empty controlled statement found; is this the intent?
C:\Users\14024\Documents\GitHub\lucid-lby\chams.cpp(269,9): warning C4834: discarding return value of function with 'nodiscard' attribute
C:\Users\14024\Documents\GitHub\lucid-lby\chams.cpp(306,13): warning C4101: 'record': unreferenced local variable
C:\Users\14024\Documents\GitHub\lucid-lby\client.cpp(788,44): error C2039: 'light_purple': is not a member of 'colors'
C:\Users\14024\Documents\GitHub\lucid-lby\color.h(74): message : see declaration of 'colors'
C:\Users\14024\Documents\GitHub\lucid-lby\client.cpp(788,56): error C2065: 'light_purple': undeclared identifier
  colorpicker.cpp
  config.cpp
  edit.cpp
  events.cpp
  firebullets.cpp
  indicators.cpp
  keybind.cpp
  matchframework.cpp
  materialsystem.cpp
  shadowmgr.cpp
  csgo.cpp
  cvar.cpp
  modelrender.cpp
  dropdown.cpp
  entry.cpp
  form.cpp
  grenades.cpp
  gui.cpp
  hooks.cpp
  hvh.cpp
  engine.cpp
  knifebot.cpp
  lagcomp.cpp
  clientdll.cpp
  shots.cpp
C:\Users\14024\Documents\GitHub\lucid-lby\clientdll.cpp(67): warning C4405: 'in': identifier is reserved word
C:\Users\14024\Documents\GitHub\lucid-lby\clientdll.cpp(68): warning C4405: 'out': identifier is reserved word
  skins.cpp
  surface.cpp
  math.cpp
  movement.cpp
  multidropdown.cpp
  netdata.cpp
  clientmode.cpp
C:\Users\14024\Documents\GitHub\lucid-lby\shots.cpp(45,14): warning C4101: 'damage': unreferenced local variable
C:\Users\14024\Documents\GitHub\lucid-lby\shots.cpp(44,32): warning C4101: 'group': unreferenced local variable
C:\Users\14024\Documents\GitHub\lucid-lby\shots.cpp(44,39): warning C4101: 'hp': unreferenced local variable
  panel.cpp
  penetration.cpp
  player.cpp
  pred.cpp
  netchannel.cpp
  render.cpp
  viewrender.cpp
  resolver.cpp
