c:\users\14024\documents\github\lucid-lby\release\client.obj
c:\users\14024\documents\github\lucid-lby\release\movement.obj
c:\users\14024\documents\github\lucid-lby\release\render.obj
c:\users\14024\documents\github\lucid-lby\release\pred.obj
c:\users\14024\documents\github\lucid-lby\release\visuals.obj
c:\users\14024\documents\github\lucid-lby\release\callbacks.obj
c:\users\14024\documents\github\lucid-lby\release\clientmode.obj
c:\users\14024\documents\github\lucid-lby\release\engine.obj
c:\users\14024\documents\github\lucid-lby\release\hvh.obj
c:\users\14024\documents\github\lucid-lby\release\multidropdown.obj
c:\users\14024\documents\github\lucid-lby\release\viewrender.obj
c:\users\14024\documents\github\lucid-lby\release\chams.obj
c:\users\14024\documents\github\lucid-lby\release\edit.obj
c:\users\14024\documents\github\lucid-lby\release\firebullets.obj
c:\users\14024\documents\github\lucid-lby\release\keybind.obj
c:\users\14024\documents\github\lucid-lby\release\slider.obj
c:\users\14024\documents\github\lucid-lby\release\clientdll.obj
c:\users\14024\documents\github\lucid-lby\release\cvar.obj
c:\users\14024\documents\github\lucid-lby\release\form.obj
c:\users\14024\documents\github\lucid-lby\release\knifebot.obj
c:\users\14024\documents\github\lucid-lby\release\netdata.obj
c:\users\14024\documents\github\lucid-lby\release\renderview.obj
c:\users\14024\documents\github\lucid-lby\release\button.obj
c:\users\14024\documents\github\lucid-lby\release\clientstate.obj
c:\users\14024\documents\github\lucid-lby\release\entry.obj
c:\users\14024\documents\github\lucid-lby\release\indicators.obj
c:\users\14024\documents\github\lucid-lby\release\modelrender.obj
c:\users\14024\documents\github\lucid-lby\release\prediction.obj
c:\users\14024\documents\github\lucid-lby\release\surface.obj
c:\users\14024\documents\github\lucid-lby\release\bonesetup.obj
c:\users\14024\documents\github\lucid-lby\release\csgo.obj
c:\users\14024\documents\github\lucid-lby\release\gui.obj
c:\users\14024\documents\github\lucid-lby\release\math.obj
c:\users\14024\documents\github\lucid-lby\release\player.obj
c:\users\14024\documents\github\lucid-lby\release\skins.obj
c:\users\14024\documents\github\lucid-lby\release\checkbox.obj
c:\users\14024\documents\github\lucid-lby\release\config.obj
c:\users\14024\documents\github\lucid-lby\release\hooks.obj
c:\users\14024\documents\github\lucid-lby\release\materialsystem.obj
c:\users\14024\documents\github\lucid-lby\release\penetration.obj
c:\users\14024\documents\github\lucid-lby\release\shots.obj
c:\users\14024\documents\github\lucid-lby\release\aimbot.obj
c:\users\14024\documents\github\lucid-lby\release\colorpicker.obj
c:\users\14024\documents\github\lucid-lby\release\events.obj
c:\users\14024\documents\github\lucid-lby\release\lagcomp.obj
c:\users\14024\documents\github\lucid-lby\release\panel.obj
c:\users\14024\documents\github\lucid-lby\release\resolver.obj
c:\users\14024\documents\github\lucid-lby\release\dropdown.obj
c:\users\14024\documents\github\lucid-lby\release\grenades.obj
c:\users\14024\documents\github\lucid-lby\release\matchframework.obj
c:\users\14024\documents\github\lucid-lby\release\netchannel.obj
c:\users\14024\documents\github\lucid-lby\release\shadowmgr.obj
c:\users\14024\documents\github\lucid-lby\release\wndproc.obj
c:\users\14024\documents\github\lucid-lby\output\release\doxwherebeta.ipdb
c:\users\14024\documents\github\lucid-lby\output\release\doxwherebeta.iobj
c:\users\14024\documents\github\lucid-lby\.\output\release\doxwherebeta.dll
c:\users\14024\documents\github\lucid-lby\release\lucid.tlog\cl.command.1.tlog
c:\users\14024\documents\github\lucid-lby\release\lucid.tlog\cl.read.1.tlog
c:\users\14024\documents\github\lucid-lby\release\lucid.tlog\cl.write.1.tlog
c:\users\14024\documents\github\lucid-lby\release\lucid.tlog\link.command.1.tlog
c:\users\14024\documents\github\lucid-lby\release\lucid.tlog\link.read.1.tlog
c:\users\14024\documents\github\lucid-lby\release\lucid.tlog\link.read.8.tlog
c:\users\14024\documents\github\lucid-lby\release\lucid.tlog\link.write.1.tlog
c:\users\14024\documents\github\lucid-lby\release\lucid.tlog\lucid.write.1u.tlog
