  aimbot.cpp
  bonesetup.cpp
  button.cpp
  callbacks.cpp
  chams.cpp
  checkbox.cpp
  client.cpp
  clientdll.cpp
  clientmode.cpp
  clientstate.cpp
  colorpicker.cpp
  config.cpp
  csgo.cpp
  cvar.cpp
  dropdown.cpp
  edit.cpp
  engine.cpp
  entry.cpp
  events.cpp
  firebullets.cpp
  form.cpp
  grenades.cpp
  gui.cpp
  hooks.cpp
  hvh.cpp
  indicators.cpp
  keybind.cpp
  knifebot.cpp
  lagcomp.cpp
  matchframework.cpp
  materialsystem.cpp
  math.cpp
  modelrender.cpp
  movement.cpp
  multidropdown.cpp
  netchannel.cpp
  netdata.cpp
  panel.cpp
  penetration.cpp
  player.cpp
  pred.cpp
  prediction.cpp
  render.cpp
  renderview.cpp
  resolver.cpp
  shadowmgr.cpp
  shots.cpp
  skins.cpp
  slider.cpp
  surface.cpp
  viewrender.cpp
  visuals.cpp
  wndproc.cpp
  Generating code
  5 of 8741 functions (<0.1%) were compiled, the rest were copied from previous compilation.
    0 functions were new in current compilation
    19 functions had inline decision re-evaluated but remain unchanged
  Finished generating code
  Unpure.xyz.vcxproj -> C:\Users\14024\Documents\GitHub\lucid-lby\.\output\release\doxwherebeta.dll
